Using pre-set license
Built from '2021.1/staging' branch; Version is '2021.1.0b1 (9f7c487dd2da) revision 10452040'; Using compiler version '192528614'; Build Type 'Release'
OS: 'Windows 10 Home; OS build 18363.1316; Version 1909; 64bit' Language: 'es' Physical Memory: 7129 MB
BatchMode: 1, IsHumanControllingUs: 0, StartBugReporterOnCrash: 0, Is64bit: 1, IsPro: 0

 COMMAND LINE ARGUMENTS:
C:\Program Files\Unity\Hub\Editor\2021.1.0b1\Editor\Unity.exe
-adb2
-batchMode
-noUpm
-name
AssetImportWorker0
-projectPath
C:/Users/david/Desktop/strategy game
-logFile
Logs/AssetImportWorker0.log
-srvPort
49973
Successfully changed project path to: C:/Users/david/Desktop/strategy game
C:/Users/david/Desktop/strategy game
Using Asset Import Pipeline V2.
Refreshing native plugins compatible for Editor in 278.24 ms, found 2 plugins.
Preloading 0 native plugins for Editor in 0.00 ms.
Initialize engine version: 2021.1.0b1 (9f7c487dd2da)
[Subsystems] Discovering subsystems at path C:/Program Files/Unity/Hub/Editor/2021.1.0b1/Editor/Data/Resources/UnitySubsystems
[Subsystems] Discovering subsystems at path C:/Users/david/Desktop/strategy game/Assets
GfxDevice: creating device client; threaded=0; jobified=0
Direct3D:
    Version:  Direct3D 11.0 [level 11.1]
    Renderer: AMD Radeon(TM) R5 Graphics (ID=0x98e4)
    Vendor:   ATI
    VRAM:     3564 MB
    Driver:   26.20.14048.5000
Initialize mono
Mono path[0] = 'C:/Program Files/Unity/Hub/Editor/2021.1.0b1/Editor/Data/Managed'
Mono path[1] = 'C:/Program Files/Unity/Hub/Editor/2021.1.0b1/Editor/Data/MonoBleedingEdge/lib/mono/unityjit'
Mono config path = 'C:/Program Files/Unity/Hub/Editor/2021.1.0b1/Editor/Data/MonoBleedingEdge/etc'
Using monoOptions --debugger-agent=transport=dt_socket,embedding=1,server=y,suspend=n,address=127.0.0.1:56800
Begin MonoManager ReloadAssembly
Registering precompiled unity dll's ...
Register platform support module: C:/Program Files/Unity/Hub/Editor/2021.1.0b1/Editor/Data/PlaybackEngines/WindowsStandaloneSupport/UnityEditor.WindowsStandalone.Extensions.dll
Registered in 0.002356 seconds.
Native extension for WindowsStandalone target not found
Refreshing native plugins compatible for Editor in 185.14 ms, found 2 plugins.
Preloading 0 native plugins for Editor in 0.00 ms.
Mono: successfully reloaded assembly
- Completed reload, in  2.706 seconds
Platform modules already initialized, skipping
Registering precompiled user dll's ...
Registered in 0.010039 seconds.
Begin MonoManager ReloadAssembly
Native extension for WindowsStandalone target not found
Refreshing native plugins compatible for Editor in 183.49 ms, found 2 plugins.
Preloading 0 native plugins for Editor in 0.00 ms.
[ScriptCompilation] NOT recompiling all scripts because this is an import worker process. Reason to compile was: Define symbols changed
Mono: successfully reloaded assembly
- Completed reload, in  2.689 seconds
Platform modules already initialized, skipping
========================================================================
Worker process is ready to serve import requests
Launched and connected shader compiler UnityShaderCompiler.exe after 0.13 seconds
Refreshing native plugins compatible for Editor in 1.83 ms, found 2 plugins.
Preloading 0 native plugins for Editor in 0.00 ms.
Unloading 3617 Unused Serialized files (Serialized files now loaded: 0)
System memory in use before: 271.8 MB.
System memory in use after: 271.9 MB.

Unloading 31 unused Assets to reduce memory usage. Loaded Objects now: 4065.
Total: 6.557500 ms (FindLiveObjects: 1.026100 ms CreateObjectMapping: 0.478400 ms MarkObjects: 4.797900 ms  DeleteObjects: 0.251800 ms)

========================================================================
Received Import Request.
  path: Assets/sprites/player
  artifactKey: Guid(eb2bd28610c590146b94ad2b9ef74134) Importer(815301076,1909f56bfc062723c751e8b465ee728b)
Start importing Assets/sprites/player using Guid(eb2bd28610c590146b94ad2b9ef74134) Importer(815301076,1909f56bfc062723c751e8b465ee728b)  -> (artifact id: 'fa513fcfe184fc1f169eb87c5ca93e2a') in 0.026774 seconds 
========================================================================
Received Import Request.
  Time since last request: 0.053671 seconds.
  path: Assets/sprites/player/greenplayer.png
  artifactKey: Guid(933c534b9dc96ca4585ad0fbbe7e5fc5) Importer(815301076,1909f56bfc062723c751e8b465ee728b)
Start importing Assets/sprites/player/greenplayer.png using Guid(933c534b9dc96ca4585ad0fbbe7e5fc5) Importer(815301076,1909f56bfc062723c751e8b465ee728b)  -> (artifact id: 'a91ef6c4c1ad1c4b02ade7bce2ea773f') in 0.267962 seconds 
========================================================================
Received Import Request.
  Time since last request: 0.064167 seconds.
  path: Assets/sprites/player/main.psd
  artifactKey: Guid(caae49dcf8bcfaa4da12065f788dec8b) Importer(815301076,1909f56bfc062723c751e8b465ee728b)
Start importing Assets/sprites/player/main.psd using Guid(caae49dcf8bcfaa4da12065f788dec8b) Importer(815301076,1909f56bfc062723c751e8b465ee728b)  -> (artifact id: 'f982df50a62ca2ce0c7a6ebc48e4f44c') in 0.215222 seconds 
========================================================================
Received Import Request.
  Time since last request: 0.181095 seconds.
  path: Assets/sprites/player/pinkplayer.png
  artifactKey: Guid(722bc6cb486a6ea41961b63f95565499) Importer(815301076,1909f56bfc062723c751e8b465ee728b)
Start importing Assets/sprites/player/pinkplayer.png using Guid(722bc6cb486a6ea41961b63f95565499) Importer(815301076,1909f56bfc062723c751e8b465ee728b)  -> (artifact id: '4a3108be023e21eecd6265130c308006') in 0.120521 seconds 
========================================================================
Received Import Request.
  Time since last request: 0.141492 seconds.
  path: Assets/sprites/player/redplayer.png
  artifactKey: Guid(b49efd0dfdc14f04fb46ea531be09480) Importer(815301076,1909f56bfc062723c751e8b465ee728b)
Start importing Assets/sprites/player/redplayer.png using Guid(b49efd0dfdc14f04fb46ea531be09480) Importer(815301076,1909f56bfc062723c751e8b465ee728b)  -> (artifact id: '4562b0f8933d773c969e58cadef5eadf') in 0.099146 seconds 
========================================================================
Received Import Request.
  Time since last request: 0.065379 seconds.
  path: Assets/sprites/player/yellowplayer.png
  artifactKey: Guid(d9f637814a1d6f548ab4e3d878a9f357) Importer(815301076,1909f56bfc062723c751e8b465ee728b)
Start importing Assets/sprites/player/yellowplayer.png using Guid(d9f637814a1d6f548ab4e3d878a9f357) Importer(815301076,1909f56bfc062723c751e8b465ee728b)  -> (artifact id: '5fa13998418a69498924397b8e70cb17') in 0.057829 seconds 
========================================================================
Received Import Request.
  Time since last request: 0.066156 seconds.
  path: Assets/sprites/player/orangePlayer.png
  artifactKey: Guid(0cb893f56d3cc984495d43a823527362) Importer(815301076,1909f56bfc062723c751e8b465ee728b)
Start importing Assets/sprites/player/orangePlayer.png using Guid(0cb893f56d3cc984495d43a823527362) Importer(815301076,1909f56bfc062723c751e8b465ee728b)  -> (artifact id: '6df53909db4f5f091c7aa89d486d3948') in 0.057417 seconds 
========================================================================
Received Import Request.
  Time since last request: 0.062571 seconds.
  path: Assets/sprites/player/blueplayer.png
  artifactKey: Guid(9a3f1cd5fa748b6478a9f713ac1de7df) Importer(815301076,1909f56bfc062723c751e8b465ee728b)
Start importing Assets/sprites/player/blueplayer.png using Guid(9a3f1cd5fa748b6478a9f713ac1de7df) Importer(815301076,1909f56bfc062723c751e8b465ee728b)  -> (artifact id: 'f0f6dcb067eac8ecb8cd51a988ff306b') in 0.053990 seconds 
========================================================================
Received Import Request.
  Time since last request: 0.057643 seconds.
  path: Assets/sprites/player/cianplayer.png
  artifactKey: Guid(dc5fdeb661c777d43995629dc0fef337) Importer(815301076,1909f56bfc062723c751e8b465ee728b)
Start importing Assets/sprites/player/cianplayer.png using Guid(dc5fdeb661c777d43995629dc0fef337) Importer(815301076,1909f56bfc062723c751e8b465ee728b)  -> (artifact id: 'ef51aa6e2f542ad9fa531069691d3ffa') in 0.052655 seconds 
========================================================================
Received Import Request.
  Time since last request: 0.060494 seconds.
  path: Assets/sprites/player/purpleplayer.png
  artifactKey: Guid(6844dfb7c3246b14fb175d1e102a85ad) Importer(815301076,1909f56bfc062723c751e8b465ee728b)
Start importing Assets/sprites/player/purpleplayer.png using Guid(6844dfb7c3246b14fb175d1e102a85ad) Importer(815301076,1909f56bfc062723c751e8b465ee728b)  -> (artifact id: '53df64c6166f9bbed38efb5a7227c31d') in 0.052655 seconds 
========================================================================
Received Import Request.
  Time since last request: 32.888733 seconds.
  path: Assets/sprites/player/menu
  artifactKey: Guid(750d68ffa4b3b20438ab92843907e095) Importer(815301076,1909f56bfc062723c751e8b465ee728b)
Start importing Assets/sprites/player/menu using Guid(750d68ffa4b3b20438ab92843907e095) Importer(815301076,1909f56bfc062723c751e8b465ee728b)  -> (artifact id: 'c64c518c36e4399e97efd06093be409b') in 0.022352 seconds 
========================================================================
Received Import Request.
  Time since last request: 0.058750 seconds.
  path: Assets/sprites/player/menu/greenplayermenu.png
  artifactKey: Guid(712450b35a2605240bdc2494da7a9f4e) Importer(815301076,1909f56bfc062723c751e8b465ee728b)
Start importing Assets/sprites/player/menu/greenplayermenu.png using Guid(712450b35a2605240bdc2494da7a9f4e) Importer(815301076,1909f56bfc062723c751e8b465ee728b)  -> (artifact id: '29b5acea519ff791f0021500f46807d5') in 0.053247 seconds 
========================================================================
Received Import Request.
  Time since last request: 0.056677 seconds.
  path: Assets/sprites/player/menu/blueplayermenu.png
  artifactKey: Guid(70dd6ad7dafe2144aa01f2b8cf106102) Importer(815301076,1909f56bfc062723c751e8b465ee728b)
Start importing Assets/sprites/player/menu/blueplayermenu.png using Guid(70dd6ad7dafe2144aa01f2b8cf106102) Importer(815301076,1909f56bfc062723c751e8b465ee728b)  -> (artifact id: 'ccf7a4f362416b7dc82078231406d402') in 0.050036 seconds 
========================================================================
Received Import Request.
  Time since last request: 0.047036 seconds.
  path: Assets/sprites/player/menu/purpleplayermenu.png
  artifactKey: Guid(9d809ef749edd5e41a84f577bb0ab585) Importer(815301076,1909f56bfc062723c751e8b465ee728b)
Start importing Assets/sprites/player/menu/purpleplayermenu.png using Guid(9d809ef749edd5e41a84f577bb0ab585) Importer(815301076,1909f56bfc062723c751e8b465ee728b)  -> (artifact id: '238ad2639c6d33e3c9bb340581608ef2') in 0.049682 seconds 
========================================================================
Received Import Request.
  Time since last request: 0.061482 seconds.
  path: Assets/sprites/player/menu/redplayermenu.png
  artifactKey: Guid(5b8b92a422d64a2408012186ff02ab14) Importer(815301076,1909f56bfc062723c751e8b465ee728b)
Start importing Assets/sprites/player/menu/redplayermenu.png using Guid(5b8b92a422d64a2408012186ff02ab14) Importer(815301076,1909f56bfc062723c751e8b465ee728b)  -> (artifact id: '152ec126ad3fa9c27b857a478dc2a8ed') in 0.052002 seconds 
========================================================================
Received Import Request.
  Time since last request: 0.059030 seconds.
  path: Assets/sprites/player/menu/orangeplayermenu.png
  artifactKey: Guid(124ffdc8776e11840a1f84e87e44abf4) Importer(815301076,1909f56bfc062723c751e8b465ee728b)
Start importing Assets/sprites/player/menu/orangeplayermenu.png using Guid(124ffdc8776e11840a1f84e87e44abf4) Importer(815301076,1909f56bfc062723c751e8b465ee728b)  -> (artifact id: 'cea9a5121c14e840394e89301c3badc3') in 0.051861 seconds 
========================================================================
Received Import Request.
  Time since last request: 0.070395 seconds.
  path: Assets/sprites/player/menu/yellowplayermenu.png
  artifactKey: Guid(fc38efd00ef3183429930e38310337cb) Importer(815301076,1909f56bfc062723c751e8b465ee728b)
Start importing Assets/sprites/player/menu/yellowplayermenu.png using Guid(fc38efd00ef3183429930e38310337cb) Importer(815301076,1909f56bfc062723c751e8b465ee728b)  -> (artifact id: 'ee521337755c5a55797b769143f074f9') in 0.201440 seconds 
========================================================================
Received Import Request.
  Time since last request: 0.415592 seconds.
  path: Assets/sprites/player/menu/pinkplayermenu.png
  artifactKey: Guid(934c5d032cd834242b285ab7e8bede17) Importer(815301076,1909f56bfc062723c751e8b465ee728b)
Start importing Assets/sprites/player/menu/pinkplayermenu.png using Guid(934c5d032cd834242b285ab7e8bede17) Importer(815301076,1909f56bfc062723c751e8b465ee728b)  -> (artifact id: '6af9818cee0714a051467a81d92057d1') in 0.100703 seconds 
========================================================================
Received Import Request.
  Time since last request: 0.126760 seconds.
  path: Assets/sprites/player/menu/cianplayermenu.png
  artifactKey: Guid(4eb1876014204d54fbcbb9beffae9d87) Importer(815301076,1909f56bfc062723c751e8b465ee728b)
Start importing Assets/sprites/player/menu/cianplayermenu.png using Guid(4eb1876014204d54fbcbb9beffae9d87) Importer(815301076,1909f56bfc062723c751e8b465ee728b)  -> (artifact id: 'a5507788baf79eba822c062c75a5cd50') in 0.137997 seconds 
========================================================================
Received Import Request.
  Time since last request: 37.908393 seconds.
  path: Assets/sprites/player/main.psd
  artifactKey: Guid(caae49dcf8bcfaa4da12065f788dec8b) Importer(815301076,1909f56bfc062723c751e8b465ee728b)
Start importing Assets/sprites/player/main.psd using Guid(caae49dcf8bcfaa4da12065f788dec8b) Importer(815301076,1909f56bfc062723c751e8b465ee728b)  -> (artifact id: 'ab477533c1d1cc8d86ad739495b42f02') in 0.040504 seconds 
========================================================================
Received Import Request.
  Time since last request: 91.821733 seconds.
  path: Assets/sprites/player/redplayer.png
  artifactKey: Guid(b49efd0dfdc14f04fb46ea531be09480) Importer(815301076,1909f56bfc062723c751e8b465ee728b)
Start importing Assets/sprites/player/redplayer.png using Guid(b49efd0dfdc14f04fb46ea531be09480) Importer(815301076,1909f56bfc062723c751e8b465ee728b)  -> (artifact id: '254ce2b3f6d02f7d7d0ebfc6f8932975') in 0.045314 seconds 
========================================================================
Received Import Request.
  Time since last request: 6.787512 seconds.
  path: Assets/sprites/player/redplayer.png
  artifactKey: Guid(b49efd0dfdc14f04fb46ea531be09480) Importer(815301076,1909f56bfc062723c751e8b465ee728b)
Start importing Assets/sprites/player/redplayer.png using Guid(b49efd0dfdc14f04fb46ea531be09480) Importer(815301076,1909f56bfc062723c751e8b465ee728b)  -> (artifact id: 'b3221ed6bbbf28d9f2b3335009573799') in 0.048261 seconds 
========================================================================
Received Import Request.
  Time since last request: 6.218674 seconds.
  path: Assets/sprites/player/redplayer.png
  artifactKey: Guid(b49efd0dfdc14f04fb46ea531be09480) Importer(815301076,1909f56bfc062723c751e8b465ee728b)
Start importing Assets/sprites/player/redplayer.png using Guid(b49efd0dfdc14f04fb46ea531be09480) Importer(815301076,1909f56bfc062723c751e8b465ee728b)  -> (artifact id: '70dc0bffb94eb517d951e7920be4394a') in 0.047039 seconds 
========================================================================
Received Import Request.
  Time since last request: 6.160009 seconds.
  path: Assets/sprites/player/redplayer.png
  artifactKey: Guid(b49efd0dfdc14f04fb46ea531be09480) Importer(815301076,1909f56bfc062723c751e8b465ee728b)
Start importing Assets/sprites/player/redplayer.png using Guid(b49efd0dfdc14f04fb46ea531be09480) Importer(815301076,1909f56bfc062723c751e8b465ee728b)  -> (artifact id: '0292a901b0ac879590c254c0bff4147a') in 0.042442 seconds 
========================================================================
Received Import Request.
  Time since last request: 5.667990 seconds.
  path: Assets/sprites/player/redplayer.png
  artifactKey: Guid(b49efd0dfdc14f04fb46ea531be09480) Importer(815301076,1909f56bfc062723c751e8b465ee728b)
Start importing Assets/sprites/player/redplayer.png using Guid(b49efd0dfdc14f04fb46ea531be09480) Importer(815301076,1909f56bfc062723c751e8b465ee728b)  -> (artifact id: '5b5bbc585698dc7e71352ee3001149f9') in 0.076461 seconds 
========================================================================
Received Prepare
Registering precompiled user dll's ...
Registered in 0.007282 seconds.
Begin MonoManager ReloadAssembly
Native extension for WindowsStandalone target not found
Refreshing native plugins compatible for Editor in 1.75 ms, found 2 plugins.
Preloading 0 native plugins for Editor in 0.00 ms.
[ScriptCompilation] NOT recompiling all scripts because this is an import worker process. Reason to compile was: Define symbols changed
Mono: successfully reloaded assembly
- Completed reload, in  2.902 seconds
Platform modules already initialized, skipping
Refreshing native plugins compatible for Editor in 5.04 ms, found 2 plugins.
Preloading 0 native plugins for Editor in 0.00 ms.
Unloading 3600 Unused Serialized files (Serialized files now loaded: 0)
System memory in use before: 322.7 MB.
System memory in use after: 322.8 MB.

Unloading 19 unused Assets to reduce memory usage. Loaded Objects now: 4419.
Total: 7.763500 ms (FindLiveObjects: 1.046700 ms CreateObjectMapping: 0.764300 ms MarkObjects: 5.715600 ms  DeleteObjects: 0.233500 ms)

========================================================================
Received Import Request.
  Time since last request: 39.098481 seconds.
  path: Assets/sprites/player/greenplayer.png
  artifactKey: Guid(933c534b9dc96ca4585ad0fbbe7e5fc5) Importer(815301076,1909f56bfc062723c751e8b465ee728b)
Start importing Assets/sprites/player/greenplayer.png using Guid(933c534b9dc96ca4585ad0fbbe7e5fc5) Importer(815301076,1909f56bfc062723c751e8b465ee728b)  -> (artifact id: '46ea0c09cb4c5c8826984eaf607e6baf') in 0.152643 seconds 
========================================================================
Received Import Request.
  Time since last request: 0.071018 seconds.
  path: Assets/sprites/player/pinkplayer.png
  artifactKey: Guid(722bc6cb486a6ea41961b63f95565499) Importer(815301076,1909f56bfc062723c751e8b465ee728b)
Start importing Assets/sprites/player/pinkplayer.png using Guid(722bc6cb486a6ea41961b63f95565499) Importer(815301076,1909f56bfc062723c751e8b465ee728b)  -> (artifact id: '66eaa30d3cf89f26390c0c1bf73e9158') in 0.050872 seconds 
========================================================================
Received Import Request.
  Time since last request: 0.078862 seconds.
  path: Assets/sprites/player/yellowplayer.png
  artifactKey: Guid(d9f637814a1d6f548ab4e3d878a9f357) Importer(815301076,1909f56bfc062723c751e8b465ee728b)
Start importing Assets/sprites/player/yellowplayer.png using Guid(d9f637814a1d6f548ab4e3d878a9f357) Importer(815301076,1909f56bfc062723c751e8b465ee728b)  -> (artifact id: '6ae8dacee888cef63ab6bd35313e7c79') in 0.045116 seconds 
========================================================================
Received Import Request.
  Time since last request: 0.055890 seconds.
  path: Assets/sprites/player/orangePlayer.png
  artifactKey: Guid(0cb893f56d3cc984495d43a823527362) Importer(815301076,1909f56bfc062723c751e8b465ee728b)
Start importing Assets/sprites/player/orangePlayer.png using Guid(0cb893f56d3cc984495d43a823527362) Importer(815301076,1909f56bfc062723c751e8b465ee728b)  -> (artifact id: 'c4c8304a777734bc6457f1cff98855af') in 0.067093 seconds 
========================================================================
Received Import Request.
  Time since last request: 0.037965 seconds.
  path: Assets/sprites/player/blueplayer.png
  artifactKey: Guid(9a3f1cd5fa748b6478a9f713ac1de7df) Importer(815301076,1909f56bfc062723c751e8b465ee728b)
Start importing Assets/sprites/player/blueplayer.png using Guid(9a3f1cd5fa748b6478a9f713ac1de7df) Importer(815301076,1909f56bfc062723c751e8b465ee728b)  -> (artifact id: '1bcd709f4bea0c10494716423f51638c') in 0.055306 seconds 
========================================================================
Received Import Request.
  Time since last request: 0.047031 seconds.
  path: Assets/sprites/player/cianplayer.png
  artifactKey: Guid(dc5fdeb661c777d43995629dc0fef337) Importer(815301076,1909f56bfc062723c751e8b465ee728b)
Start importing Assets/sprites/player/cianplayer.png using Guid(dc5fdeb661c777d43995629dc0fef337) Importer(815301076,1909f56bfc062723c751e8b465ee728b)  -> (artifact id: '6efb6f7d6bff0f253988ce08862f7d9f') in 0.068988 seconds 
========================================================================
Received Import Request.
  Time since last request: 0.124590 seconds.
  path: Assets/sprites/player/purpleplayer.png
  artifactKey: Guid(6844dfb7c3246b14fb175d1e102a85ad) Importer(815301076,1909f56bfc062723c751e8b465ee728b)
Start importing Assets/sprites/player/purpleplayer.png using Guid(6844dfb7c3246b14fb175d1e102a85ad) Importer(815301076,1909f56bfc062723c751e8b465ee728b)  -> (artifact id: '09bdcb22f16b7bd5d5c8379bebcff2a2') in 0.064689 seconds 
========================================================================
Received Import Request.
  Time since last request: 34.160375 seconds.
  path: ProjectSettings/TagManager.asset
  artifactKey: Guid(00000000000000003000000000000000) Importer(815301076,1909f56bfc062723c751e8b465ee728b)
Start importing ProjectSettings/TagManager.asset using Guid(00000000000000003000000000000000) Importer(815301076,1909f56bfc062723c751e8b465ee728b)  -> (artifact id: 'b19aabb3c6b715d91a18051e7a3e47c4') in 0.059873 seconds 
========================================================================
Received Import Request.
  Time since last request: 23.696701 seconds.
  path: Assets
  artifactKey: Guid(00000000000000001000000000000000) Importer(815301076,1909f56bfc062723c751e8b465ee728b)
Start importing Assets using Guid(00000000000000001000000000000000) Importer(815301076,1909f56bfc062723c751e8b465ee728b)  -> (artifact id: 'c7468b9a11fd3f6414634466daa123bc') in 0.018679 seconds 
========================================================================
Received Import Request.
  Time since last request: 6.963171 seconds.
  path: Assets/scripts
  artifactKey: Guid(6901a65a07acabf4c8e83c99d348cc25) Importer(815301076,1909f56bfc062723c751e8b465ee728b)
Start importing Assets/scripts using Guid(6901a65a07acabf4c8e83c99d348cc25) Importer(815301076,1909f56bfc062723c751e8b465ee728b)  -> (artifact id: '22b31a7db2eb42d28e41fc4493fdada1') in 0.017203 seconds 
========================================================================
Received Import Request.
  Time since last request: 4.270925 seconds.
  path: Assets/scripts/player
  artifactKey: Guid(43ebc34c493362d409b292b29e7d8511) Importer(815301076,1909f56bfc062723c751e8b465ee728b)
Start importing Assets/scripts/player using Guid(43ebc34c493362d409b292b29e7d8511) Importer(815301076,1909f56bfc062723c751e8b465ee728b)  -> (artifact id: '569ba506adb62204d0e987a9cc3e8ea8') in 0.007846 seconds 
========================================================================
Received Import Request.
  Time since last request: 16.227648 seconds.
  path: Assets/scripts/player/playercontroller.cs
  artifactKey: Guid(b157374ecd2fbac4a85094520086ac53) Importer(815301076,1909f56bfc062723c751e8b465ee728b)
Start importing Assets/scripts/player/playercontroller.cs using Guid(b157374ecd2fbac4a85094520086ac53) Importer(815301076,1909f56bfc062723c751e8b465ee728b)  -> (artifact id: 'ce0612168e5d9fb89ddb12c7c0307c9f') in 0.037993 seconds 
========================================================================
Received Prepare
Registering precompiled user dll's ...
Registered in 0.007563 seconds.
Begin MonoManager ReloadAssembly
Native extension for WindowsStandalone target not found
Refreshing native plugins compatible for Editor in 1.63 ms, found 2 plugins.
Preloading 0 native plugins for Editor in 0.00 ms.
[ScriptCompilation] NOT recompiling all scripts because this is an import worker process. Reason to compile was: Define symbols changed
Mono: successfully reloaded assembly
- Completed reload, in  4.204 seconds
Platform modules already initialized, skipping
Refreshing native plugins compatible for Editor in 1.75 ms, found 2 plugins.
Preloading 0 native plugins for Editor in 0.00 ms.
Unloading 3584 Unused Serialized files (Serialized files now loaded: 0)
System memory in use before: 325.1 MB.
System memory in use after: 325.2 MB.

Unloading 20 unused Assets to reduce memory usage. Loaded Objects now: 4522.
Total: 6.685500 ms (FindLiveObjects: 0.771600 ms CreateObjectMapping: 0.437700 ms MarkObjects: 5.244400 ms  DeleteObjects: 0.228400 ms)

========================================================================
Received Prepare
Registering precompiled user dll's ...
Registered in 0.010103 seconds.
Begin MonoManager ReloadAssembly
Native extension for WindowsStandalone target not found
Refreshing native plugins compatible for Editor in 1.75 ms, found 2 plugins.
Preloading 0 native plugins for Editor in 0.00 ms.
[ScriptCompilation] NOT recompiling all scripts because this is an import worker process. Reason to compile was: Define symbols changed
Mono: successfully reloaded assembly
- Completed reload, in  3.399 seconds
Platform modules already initialized, skipping
Refreshing native plugins compatible for Editor in 1.70 ms, found 2 plugins.
Preloading 0 native plugins for Editor in 0.00 ms.
Unloading 3584 Unused Serialized files (Serialized files now loaded: 0)
System memory in use before: 325.6 MB.
System memory in use after: 325.8 MB.

Unloading 19 unused Assets to reduce memory usage. Loaded Objects now: 4525.
Total: 7.301100 ms (FindLiveObjects: 0.888900 ms CreateObjectMapping: 0.486600 ms MarkObjects: 5.622700 ms  DeleteObjects: 0.299600 ms)

========================================================================
Received Import Request.
  Time since last request: 154.546895 seconds.
  path: Assets/scripts/player/run.anim
  artifactKey: Guid(cdcfdc6c6321f0845b7646c500e0eaae) Importer(815301076,1909f56bfc062723c751e8b465ee728b)
Start importing Assets/scripts/player/run.anim using Guid(cdcfdc6c6321f0845b7646c500e0eaae) Importer(815301076,1909f56bfc062723c751e8b465ee728b)  -> (artifact id: '63616d97a58cb24d0e26682e08b4a34f') in 0.080899 seconds 
========================================================================
Received Import Request.
  Time since last request: 125.200188 seconds.
  path: Assets/prefabs
  artifactKey: Guid(52aae2b42f7c8e042bcb566b64ce062b) Importer(815301076,1909f56bfc062723c751e8b465ee728b)
Start importing Assets/prefabs using Guid(52aae2b42f7c8e042bcb566b64ce062b) Importer(815301076,1909f56bfc062723c751e8b465ee728b)  -> (artifact id: 'b2228072ef170d0d1e6265cc0dd78bfd') in 0.018604 seconds 
========================================================================
Received Import Request.
  Time since last request: 4.508155 seconds.
  path: Assets/prefabs/player.prefab
  artifactKey: Guid(88a913528b5593e4a8fbcd8e4cf48276) Importer(815301076,1909f56bfc062723c751e8b465ee728b)
Start importing Assets/prefabs/player.prefab using Guid(88a913528b5593e4a8fbcd8e4cf48276) Importer(815301076,1909f56bfc062723c751e8b465ee728b) The Animator Controller (player) you have used is not valid. Animations will not play
UnityEngine.StackTraceUtility:ExtractStackTrace ()
UnityEditor.EditorUtility:Internal_InstantiateRemoveAllNonAnimationComponentsSingle (UnityEngine.Object,UnityEngine.Vector3,UnityEngine.Quaternion)
UnityEditor.EditorUtility:InstantiateRemoveAllNonAnimationComponents (UnityEngine.Object,UnityEngine.Vector3,UnityEngine.Quaternion)
UnityEditor.EditorUtility:InstantiateForAnimatorPreview (UnityEngine.Object)
UnityEditor.GameObjectInspector/PreviewData:UpdateGameObject (UnityEngine.Object)
UnityEditor.GameObjectInspector/PreviewData:.ctor (UnityEngine.Object)
UnityEditor.GameObjectInspector:GetPreviewData ()
UnityEditor.GameObjectInspector:RenderStaticPreview (string,UnityEngine.Object[],int,int)
UnityEditor.AssetPreviewUpdater:CreatePreview (UnityEngine.Object,UnityEngine.Object[],string,int,int)
UnityEditor.AssetPreviewUpdater:CreatePreviewForAsset (UnityEngine.Object,UnityEngine.Object[],string)

[C:\buildslave\unity\build\Modules/Animation/Director/AnimatorControllerPlayable.cpp line 332]

The Animator Controller (player) you have used is not valid. Animations will not play
UnityEngine.StackTraceUtility:ExtractStackTrace ()
UnityEditor.EditorUtility:InitInstantiatedPreviewRecursive (UnityEngine.GameObject)
UnityEditor.EditorUtility:InstantiateForAnimatorPreview (UnityEngine.Object)
UnityEditor.GameObjectInspector/PreviewData:UpdateGameObject (UnityEngine.Object)
UnityEditor.GameObjectInspector/PreviewData:.ctor (UnityEngine.Object)
UnityEditor.GameObjectInspector:GetPreviewData ()
UnityEditor.GameObjectInspector:RenderStaticPreview (string,UnityEngine.Object[],int,int)
UnityEditor.AssetPreviewUpdater:CreatePreview (UnityEngine.Object,UnityEngine.Object[],string,int,int)
UnityEditor.AssetPreviewUpdater:CreatePreviewForAsset (UnityEngine.Object,UnityEngine.Object[],string)

[C:\buildslave\unity\build\Modules/Animation/Director/AnimatorControllerPlayable.cpp line 332]

 -> (artifact id: 'b70d267caff808b54b62e675649d03e9') in 0.201475 seconds 
========================================================================
Received Import Request.
  Time since last request: 56.995151 seconds.
  path: Assets/scripts/player/gamertscontroller.cs
  artifactKey: Guid(42412ccc99bfd234faaed1c3ebc5e115) Importer(815301076,1909f56bfc062723c751e8b465ee728b)
Start importing Assets/scripts/player/gamertscontroller.cs using Guid(42412ccc99bfd234faaed1c3ebc5e115) Importer(815301076,1909f56bfc062723c751e8b465ee728b)  -> (artifact id: '675cebfeb09588080ce18b449603b675') in 0.025241 seconds 
========================================================================
Received Prepare
Registering precompiled user dll's ...
Registered in 0.008431 seconds.
Begin MonoManager ReloadAssembly
Native extension for WindowsStandalone target not found
Refreshing native plugins compatible for Editor in 1.68 ms, found 2 plugins.
Preloading 0 native plugins for Editor in 0.00 ms.
[ScriptCompilation] NOT recompiling all scripts because this is an import worker process. Reason to compile was: Define symbols changed
Mono: successfully reloaded assembly
- Completed reload, in  3.036 seconds
Platform modules already initialized, skipping
Refreshing native plugins compatible for Editor in 2.02 ms, found 2 plugins.
Preloading 0 native plugins for Editor in 0.00 ms.
Unloading 3585 Unused Serialized files (Serialized files now loaded: 0)
System memory in use before: 326.2 MB.
System memory in use after: 326.3 MB.

Unloading 19 unused Assets to reduce memory usage. Loaded Objects now: 4534.
Total: 9.073100 ms (FindLiveObjects: 1.095700 ms CreateObjectMapping: 0.408800 ms MarkObjects: 7.327900 ms  DeleteObjects: 0.237000 ms)

========================================================================
Received Prepare
Registering precompiled user dll's ...
Registered in 0.017195 seconds.
Begin MonoManager ReloadAssembly
Native extension for WindowsStandalone target not found
Refreshing native plugins compatible for Editor in 1.65 ms, found 2 plugins.
Preloading 0 native plugins for Editor in 0.00 ms.
[ScriptCompilation] NOT recompiling all scripts because this is an import worker process. Reason to compile was: Define symbols changed
Mono: successfully reloaded assembly
- Completed reload, in  3.744 seconds
Platform modules already initialized, skipping
Refreshing native plugins compatible for Editor in 1.78 ms, found 2 plugins.
Preloading 0 native plugins for Editor in 0.00 ms.
Unloading 3585 Unused Serialized files (Serialized files now loaded: 0)
System memory in use before: 326.4 MB.
System memory in use after: 326.5 MB.

Unloading 19 unused Assets to reduce memory usage. Loaded Objects now: 4537.
Total: 19.109300 ms (FindLiveObjects: 1.325900 ms CreateObjectMapping: 0.609200 ms MarkObjects: 16.905900 ms  DeleteObjects: 0.265400 ms)

========================================================================
Received Prepare
Registering precompiled user dll's ...
Registered in 0.009686 seconds.
Begin MonoManager ReloadAssembly
Native extension for WindowsStandalone target not found
Refreshing native plugins compatible for Editor in 1.61 ms, found 2 plugins.
Preloading 0 native plugins for Editor in 0.00 ms.
Mono: successfully reloaded assembly
- Completed reload, in  3.768 seconds
Platform modules already initialized, skipping
Refreshing native plugins compatible for Editor in 2.01 ms, found 2 plugins.
Preloading 0 native plugins for Editor in 0.00 ms.
Unloading 3585 Unused Serialized files (Serialized files now loaded: 0)
System memory in use before: 326.0 MB.
System memory in use after: 326.1 MB.

Unloading 19 unused Assets to reduce memory usage. Loaded Objects now: 4540.
Total: 9.197000 ms (FindLiveObjects: 1.465600 ms CreateObjectMapping: 0.540300 ms MarkObjects: 6.948600 ms  DeleteObjects: 0.239900 ms)

========================================================================
Received Prepare
Registering precompiled user dll's ...
Registered in 0.014311 seconds.
Begin MonoManager ReloadAssembly
Native extension for WindowsStandalone target not found
Refreshing native plugins compatible for Editor in 1.74 ms, found 2 plugins.
Preloading 0 native plugins for Editor in 0.00 ms.
Mono: successfully reloaded assembly
- Completed reload, in  4.506 seconds
Platform modules already initialized, skipping
Refreshing native plugins compatible for Editor in 2.05 ms, found 2 plugins.
Preloading 0 native plugins for Editor in 0.00 ms.
Unloading 3585 Unused Serialized files (Serialized files now loaded: 0)
System memory in use before: 326.4 MB.
System memory in use after: 326.5 MB.

Unloading 19 unused Assets to reduce memory usage. Loaded Objects now: 4543.
Total: 8.591900 ms (FindLiveObjects: 1.935100 ms CreateObjectMapping: 0.627700 ms MarkObjects: 5.773400 ms  DeleteObjects: 0.252500 ms)

========================================================================
Received Prepare
Registering precompiled user dll's ...
Registered in 0.008762 seconds.
Begin MonoManager ReloadAssembly
Native extension for WindowsStandalone target not found
Refreshing native plugins compatible for Editor in 2.82 ms, found 2 plugins.
Preloading 0 native plugins for Editor in 0.00 ms.
Mono: successfully reloaded assembly
- Completed reload, in  2.759 seconds
Platform modules already initialized, skipping
Refreshing native plugins compatible for Editor in 1.73 ms, found 2 plugins.
Preloading 0 native plugins for Editor in 0.00 ms.
Unloading 3585 Unused Serialized files (Serialized files now loaded: 0)
System memory in use before: 326.5 MB.
System memory in use after: 326.6 MB.

Unloading 19 unused Assets to reduce memory usage. Loaded Objects now: 4546.
Total: 8.544900 ms (FindLiveObjects: 1.050200 ms CreateObjectMapping: 0.664400 ms MarkObjects: 6.581800 ms  DeleteObjects: 0.244500 ms)

========================================================================
Received Import Request.
  Time since last request: 751.052665 seconds.
  path: Assets/scripts/player/unitrts.cs
  artifactKey: Guid(f9e52229e12405d47b1b607d799dd638) Importer(815301076,1909f56bfc062723c751e8b465ee728b)
Start importing Assets/scripts/player/unitrts.cs using Guid(f9e52229e12405d47b1b607d799dd638) Importer(815301076,1909f56bfc062723c751e8b465ee728b)  -> (artifact id: '5e649e66b646ac39b2e42ae67ed98b30') in 10.518020 seconds 
========================================================================
Received Prepare
Registering precompiled user dll's ...
Registered in 0.013685 seconds.
Begin MonoManager ReloadAssembly
Native extension for WindowsStandalone target not found
Refreshing native plugins compatible for Editor in 1.67 ms, found 2 plugins.
Preloading 0 native plugins for Editor in 0.00 ms.
Mono: successfully reloaded assembly
- Completed reload, in  2.487 seconds
Platform modules already initialized, skipping
Refreshing native plugins compatible for Editor in 1.77 ms, found 2 plugins.
Preloading 0 native plugins for Editor in 0.00 ms.
Unloading 3586 Unused Serialized files (Serialized files now loaded: 0)
System memory in use before: 326.2 MB.
System memory in use after: 326.3 MB.

Unloading 19 unused Assets to reduce memory usage. Loaded Objects now: 4550.
Total: 7.687400 ms (FindLiveObjects: 0.794600 ms CreateObjectMapping: 0.448000 ms MarkObjects: 6.174700 ms  DeleteObjects: 0.266800 ms)

========================================================================
Received Prepare
Registering precompiled user dll's ...
Registered in 0.013361 seconds.
Begin MonoManager ReloadAssembly
Native extension for WindowsStandalone target not found
Refreshing native plugins compatible for Editor in 1.48 ms, found 2 plugins.
Preloading 0 native plugins for Editor in 0.00 ms.
Mono: successfully reloaded assembly
- Completed reload, in  4.593 seconds
Platform modules already initialized, skipping
Refreshing native plugins compatible for Editor in 2.00 ms, found 2 plugins.
Preloading 0 native plugins for Editor in 0.00 ms.
Unloading 3586 Unused Serialized files (Serialized files now loaded: 0)
System memory in use before: 326.5 MB.
System memory in use after: 326.6 MB.

Unloading 19 unused Assets to reduce memory usage. Loaded Objects now: 4553.
Total: 6.876200 ms (FindLiveObjects: 0.750800 ms CreateObjectMapping: 0.656300 ms MarkObjects: 5.217400 ms  DeleteObjects: 0.249200 ms)

========================================================================
Received Prepare
Registering precompiled user dll's ...
Registered in 0.030764 seconds.
Begin MonoManager ReloadAssembly
Native extension for WindowsStandalone target not found
Refreshing native plugins compatible for Editor in 2.74 ms, found 2 plugins.
Preloading 0 native plugins for Editor in 0.00 ms.
Mono: successfully reloaded assembly
- Completed reload, in  2.645 seconds
Platform modules already initialized, skipping
Refreshing native plugins compatible for Editor in 1.75 ms, found 2 plugins.
Preloading 0 native plugins for Editor in 0.00 ms.
Unloading 3586 Unused Serialized files (Serialized files now loaded: 0)
System memory in use before: 326.0 MB.
System memory in use after: 326.1 MB.

Unloading 19 unused Assets to reduce memory usage. Loaded Objects now: 4556.
Total: 8.321300 ms (FindLiveObjects: 0.843700 ms CreateObjectMapping: 0.454000 ms MarkObjects: 6.778000 ms  DeleteObjects: 0.242000 ms)

========================================================================
Received Import Request.
  Time since last request: 746.637255 seconds.
  path: Assets/scripts/player/gamertscontroller.cs
  artifactKey: Guid(42412ccc99bfd234faaed1c3ebc5e115) Importer(815301076,1909f56bfc062723c751e8b465ee728b)
Start importing Assets/scripts/player/gamertscontroller.cs using Guid(42412ccc99bfd234faaed1c3ebc5e115) Importer(815301076,1909f56bfc062723c751e8b465ee728b)  -> (artifact id: '4648969e2973ceff24088d95aebb9f00') in 0.223296 seconds 
========================================================================
Received Prepare
Registering precompiled user dll's ...
Registered in 0.016435 seconds.
Begin MonoManager ReloadAssembly
Native extension for WindowsStandalone target not found
Refreshing native plugins compatible for Editor in 10.12 ms, found 2 plugins.
Preloading 0 native plugins for Editor in 0.00 ms.
Mono: successfully reloaded assembly
- Completed reload, in  7.317 seconds
Platform modules already initialized, skipping
Refreshing native plugins compatible for Editor in 1.84 ms, found 2 plugins.
Preloading 0 native plugins for Editor in 0.00 ms.
Unloading 3585 Unused Serialized files (Serialized files now loaded: 0)
System memory in use before: 326.4 MB.
System memory in use after: 326.6 MB.

Unloading 20 unused Assets to reduce memory usage. Loaded Objects now: 4558.
Total: 12.967300 ms (FindLiveObjects: 1.171200 ms CreateObjectMapping: 0.708100 ms MarkObjects: 10.830200 ms  DeleteObjects: 0.255100 ms)

========================================================================
Received Prepare
Registering precompiled user dll's ...
Registered in 0.011073 seconds.
Begin MonoManager ReloadAssembly
Native extension for WindowsStandalone target not found
Refreshing native plugins compatible for Editor in 1.85 ms, found 2 plugins.
Preloading 0 native plugins for Editor in 0.00 ms.
Mono: successfully reloaded assembly
- Completed reload, in  3.235 seconds
Platform modules already initialized, skipping
Refreshing native plugins compatible for Editor in 2.03 ms, found 2 plugins.
Preloading 0 native plugins for Editor in 0.00 ms.
Unloading 3586 Unused Serialized files (Serialized files now loaded: 0)
System memory in use before: 326.6 MB.
System memory in use after: 326.7 MB.

Unloading 19 unused Assets to reduce memory usage. Loaded Objects now: 4562.
Total: 9.947500 ms (FindLiveObjects: 0.920400 ms CreateObjectMapping: 2.677400 ms MarkObjects: 6.047800 ms  DeleteObjects: 0.298200 ms)

========================================================================
Received Prepare
Registering precompiled user dll's ...
Registered in 0.012537 seconds.
Begin MonoManager ReloadAssembly
Native extension for WindowsStandalone target not found
Refreshing native plugins compatible for Editor in 1.75 ms, found 2 plugins.
Preloading 0 native plugins for Editor in 0.00 ms.
Mono: successfully reloaded assembly
- Completed reload, in  2.927 seconds
Platform modules already initialized, skipping
Refreshing native plugins compatible for Editor in 2.36 ms, found 2 plugins.
Preloading 0 native plugins for Editor in 0.00 ms.
Unloading 3585 Unused Serialized files (Serialized files now loaded: 0)
System memory in use before: 326.2 MB.
System memory in use after: 326.4 MB.

Unloading 20 unused Assets to reduce memory usage. Loaded Objects now: 4564.
Total: 7.160200 ms (FindLiveObjects: 0.759900 ms CreateObjectMapping: 0.376000 ms MarkObjects: 5.669700 ms  DeleteObjects: 0.351400 ms)

========================================================================
Received Prepare
Registering precompiled user dll's ...
Registered in 0.012761 seconds.
Begin MonoManager ReloadAssembly
Native extension for WindowsStandalone target not found
Refreshing native plugins compatible for Editor in 1.53 ms, found 2 plugins.
Preloading 0 native plugins for Editor in 0.00 ms.
Mono: successfully reloaded assembly
- Completed reload, in  2.483 seconds
Platform modules already initialized, skipping
Refreshing native plugins compatible for Editor in 1.80 ms, found 2 plugins.
Preloading 0 native plugins for Editor in 0.00 ms.
Unloading 3585 Unused Serialized files (Serialized files now loaded: 0)
System memory in use before: 326.6 MB.
System memory in use after: 326.7 MB.

Unloading 19 unused Assets to reduce memory usage. Loaded Objects now: 4567.
Total: 10.249700 ms (FindLiveObjects: 0.858000 ms CreateObjectMapping: 2.104300 ms MarkObjects: 6.958300 ms  DeleteObjects: 0.325900 ms)

========================================================================
Received Prepare
Registering precompiled user dll's ...
Registered in 0.010648 seconds.
Begin MonoManager ReloadAssembly
Native extension for WindowsStandalone target not found
Refreshing native plugins compatible for Editor in 1.71 ms, found 2 plugins.
Preloading 0 native plugins for Editor in 0.00 ms.
Mono: successfully reloaded assembly
- Completed reload, in  4.683 seconds
Platform modules already initialized, skipping
Refreshing native plugins compatible for Editor in 1.80 ms, found 2 plugins.
Preloading 0 native plugins for Editor in 0.00 ms.
Unloading 3585 Unused Serialized files (Serialized files now loaded: 0)
System memory in use before: 326.6 MB.
System memory in use after: 326.8 MB.

Unloading 19 unused Assets to reduce memory usage. Loaded Objects now: 4570.
Total: 7.541700 ms (FindLiveObjects: 1.064500 ms CreateObjectMapping: 0.442800 ms MarkObjects: 5.776700 ms  DeleteObjects: 0.254200 ms)

========================================================================
Received Prepare
Registering precompiled user dll's ...
Registered in 0.016490 seconds.
Begin MonoManager ReloadAssembly
Native extension for WindowsStandalone target not found
Refreshing native plugins compatible for Editor in 1.91 ms, found 2 plugins.
Preloading 0 native plugins for Editor in 0.00 ms.
Mono: successfully reloaded assembly
- Completed reload, in  3.123 seconds
Platform modules already initialized, skipping
Refreshing native plugins compatible for Editor in 1.56 ms, found 2 plugins.
Preloading 0 native plugins for Editor in 0.00 ms.
Unloading 3585 Unused Serialized files (Serialized files now loaded: 0)
System memory in use before: 326.4 MB.
System memory in use after: 326.5 MB.

Unloading 19 unused Assets to reduce memory usage. Loaded Objects now: 4573.
Total: 9.164300 ms (FindLiveObjects: 0.985300 ms CreateObjectMapping: 0.416300 ms MarkObjects: 7.446500 ms  DeleteObjects: 0.311800 ms)

========================================================================
Received Prepare
Registering precompiled user dll's ...
Registered in 0.009524 seconds.
Begin MonoManager ReloadAssembly
Native extension for WindowsStandalone target not found
Refreshing native plugins compatible for Editor in 2.09 ms, found 2 plugins.
Preloading 0 native plugins for Editor in 0.00 ms.
Mono: successfully reloaded assembly
- Completed reload, in  3.999 seconds
Platform modules already initialized, skipping
Refreshing native plugins compatible for Editor in 1.72 ms, found 2 plugins.
Preloading 0 native plugins for Editor in 0.00 ms.
Unloading 3585 Unused Serialized files (Serialized files now loaded: 0)
System memory in use before: 326.6 MB.
System memory in use after: 326.8 MB.

Unloading 19 unused Assets to reduce memory usage. Loaded Objects now: 4576.
Total: 7.280600 ms (FindLiveObjects: 1.010800 ms CreateObjectMapping: 0.419400 ms MarkObjects: 5.598900 ms  DeleteObjects: 0.248000 ms)

========================================================================
Received Prepare
Registering precompiled user dll's ...
Registered in 0.012858 seconds.
Begin MonoManager ReloadAssembly
Native extension for WindowsStandalone target not found
Refreshing native plugins compatible for Editor in 1.53 ms, found 2 plugins.
Preloading 0 native plugins for Editor in 0.00 ms.
Mono: successfully reloaded assembly
- Completed reload, in  4.332 seconds
Platform modules already initialized, skipping
Refreshing native plugins compatible for Editor in 2.67 ms, found 2 plugins.
Preloading 0 native plugins for Editor in 0.00 ms.
Unloading 3585 Unused Serialized files (Serialized files now loaded: 0)
System memory in use before: 326.1 MB.
System memory in use after: 326.3 MB.

Unloading 19 unused Assets to reduce memory usage. Loaded Objects now: 4579.
Total: 8.435100 ms (FindLiveObjects: 1.482000 ms CreateObjectMapping: 0.531900 ms MarkObjects: 6.167900 ms  DeleteObjects: 0.249800 ms)

========================================================================
Received Import Request.
  Time since last request: 1438.013424 seconds.
  path: Assets/sprites/selectionSprite.png
  artifactKey: Guid(1a8d44c4548914442b080e6dfb47c734) Importer(815301076,1909f56bfc062723c751e8b465ee728b)
Start importing Assets/sprites/selectionSprite.png using Guid(1a8d44c4548914442b080e6dfb47c734) Importer(815301076,1909f56bfc062723c751e8b465ee728b)  -> (artifact id: '2064d08f3c9c698c43f750a6ba3ee9e5') in 0.388684 seconds 
========================================================================
Received Import Request.
  Time since last request: 3.469290 seconds.
  path: Assets/sprites/selectionSprite.png
  artifactKey: Guid(1a8d44c4548914442b080e6dfb47c734) Importer(815301076,1909f56bfc062723c751e8b465ee728b)
Start importing Assets/sprites/selectionSprite.png using Guid(1a8d44c4548914442b080e6dfb47c734) Importer(815301076,1909f56bfc062723c751e8b465ee728b)  -> (artifact id: '01bce6c626ba650f55a05f99f00a0155') in 0.121186 seconds 
========================================================================
Received Prepare
Registering precompiled user dll's ...
Registered in 0.010180 seconds.
Begin MonoManager ReloadAssembly
Native extension for WindowsStandalone target not found
Refreshing native plugins compatible for Editor in 2.16 ms, found 2 plugins.
Preloading 0 native plugins for Editor in 0.00 ms.
Mono: successfully reloaded assembly
- Completed reload, in  4.550 seconds
Platform modules already initialized, skipping
Refreshing native plugins compatible for Editor in 2.26 ms, found 2 plugins.
Preloading 0 native plugins for Editor in 0.00 ms.
Unloading 3586 Unused Serialized files (Serialized files now loaded: 0)
System memory in use before: 327.4 MB.
System memory in use after: 327.5 MB.

Unloading 19 unused Assets to reduce memory usage. Loaded Objects now: 4614.
Total: 11.511200 ms (FindLiveObjects: 0.837700 ms CreateObjectMapping: 0.419900 ms MarkObjects: 9.970500 ms  DeleteObjects: 0.280600 ms)

========================================================================
Received Prepare
Registering precompiled user dll's ...
Registered in 0.013019 seconds.
Begin MonoManager ReloadAssembly
Native extension for WindowsStandalone target not found
Refreshing native plugins compatible for Editor in 1.48 ms, found 2 plugins.
Preloading 0 native plugins for Editor in 0.00 ms.
Mono: successfully reloaded assembly
- Completed reload, in  2.660 seconds
Platform modules already initialized, skipping
Refreshing native plugins compatible for Editor in 2.02 ms, found 2 plugins.
Preloading 0 native plugins for Editor in 0.00 ms.
Unloading 3585 Unused Serialized files (Serialized files now loaded: 0)
System memory in use before: 327.5 MB.
System memory in use after: 327.6 MB.

Unloading 19 unused Assets to reduce memory usage. Loaded Objects now: 4617.
Total: 8.512300 ms (FindLiveObjects: 1.101100 ms CreateObjectMapping: 0.996100 ms MarkObjects: 6.163400 ms  DeleteObjects: 0.248500 ms)

========================================================================
Received Prepare
Registering precompiled user dll's ...
Registered in 0.011693 seconds.
Begin MonoManager ReloadAssembly
Native extension for WindowsStandalone target not found
Refreshing native plugins compatible for Editor in 1.50 ms, found 2 plugins.
Preloading 0 native plugins for Editor in 0.00 ms.
Mono: successfully reloaded assembly
- Completed reload, in  2.843 seconds
Platform modules already initialized, skipping
Refreshing native plugins compatible for Editor in 1.53 ms, found 2 plugins.
Preloading 0 native plugins for Editor in 0.00 ms.
Unloading 3585 Unused Serialized files (Serialized files now loaded: 0)
System memory in use before: 327.1 MB.
System memory in use after: 327.2 MB.

Unloading 19 unused Assets to reduce memory usage. Loaded Objects now: 4620.
Total: 8.975300 ms (FindLiveObjects: 0.904500 ms CreateObjectMapping: 0.889100 ms MarkObjects: 6.925000 ms  DeleteObjects: 0.253100 ms)

========================================================================
Received Prepare
Registering precompiled user dll's ...
Registered in 0.013154 seconds.
Begin MonoManager ReloadAssembly
Native extension for WindowsStandalone target not found
Refreshing native plugins compatible for Editor in 1.51 ms, found 2 plugins.
Preloading 0 native plugins for Editor in 0.00 ms.
Mono: successfully reloaded assembly
- Completed reload, in  3.606 seconds
Platform modules already initialized, skipping
Refreshing native plugins compatible for Editor in 1.81 ms, found 2 plugins.
Preloading 0 native plugins for Editor in 0.00 ms.
Unloading 3585 Unused Serialized files (Serialized files now loaded: 0)
System memory in use before: 327.5 MB.
System memory in use after: 327.6 MB.

Unloading 19 unused Assets to reduce memory usage. Loaded Objects now: 4623.
Total: 9.070700 ms (FindLiveObjects: 0.822600 ms CreateObjectMapping: 0.485800 ms MarkObjects: 7.485000 ms  DeleteObjects: 0.274300 ms)

========================================================================
Received Prepare
Registering precompiled user dll's ...
Registered in 0.236129 seconds.
Begin MonoManager ReloadAssembly
Native extension for WindowsStandalone target not found
Refreshing native plugins compatible for Editor in 1.46 ms, found 2 plugins.
Preloading 0 native plugins for Editor in 0.00 ms.
Mono: successfully reloaded assembly
- Completed reload, in  3.766 seconds
Platform modules already initialized, skipping
Refreshing native plugins compatible for Editor in 1.58 ms, found 2 plugins.
Preloading 0 native plugins for Editor in 0.00 ms.
Unloading 3585 Unused Serialized files (Serialized files now loaded: 0)
System memory in use before: 327.5 MB.
System memory in use after: 327.6 MB.

Unloading 19 unused Assets to reduce memory usage. Loaded Objects now: 4626.
Total: 7.262700 ms (FindLiveObjects: 0.814400 ms CreateObjectMapping: 0.407400 ms MarkObjects: 5.766600 ms  DeleteObjects: 0.271100 ms)

========================================================================
Received Prepare
Registering precompiled user dll's ...
Registered in 0.019561 seconds.
Begin MonoManager ReloadAssembly
Native extension for WindowsStandalone target not found
Refreshing native plugins compatible for Editor in 1.68 ms, found 2 plugins.
Preloading 0 native plugins for Editor in 0.00 ms.
Mono: successfully reloaded assembly
- Completed reload, in 11.967 seconds
Platform modules already initialized, skipping
Refreshing native plugins compatible for Editor in 1.70 ms, found 2 plugins.
Preloading 0 native plugins for Editor in 0.00 ms.
Unloading 3585 Unused Serialized files (Serialized files now loaded: 0)
System memory in use before: 327.4 MB.
System memory in use after: 327.6 MB.

Unloading 19 unused Assets to reduce memory usage. Loaded Objects now: 4629.
Total: 10.169400 ms (FindLiveObjects: 1.202400 ms CreateObjectMapping: 1.070100 ms MarkObjects: 7.633800 ms  DeleteObjects: 0.259700 ms)

========================================================================
Received Prepare
Registering precompiled user dll's ...
Registered in 0.021966 seconds.
Begin MonoManager ReloadAssembly
Native extension for WindowsStandalone target not found
Refreshing native plugins compatible for Editor in 2.09 ms, found 2 plugins.
Preloading 0 native plugins for Editor in 0.00 ms.
Mono: successfully reloaded assembly
- Completed reload, in 16.049 seconds
Platform modules already initialized, skipping
Refreshing native plugins compatible for Editor in 1.75 ms, found 2 plugins.
Preloading 0 native plugins for Editor in 0.00 ms.
Unloading 3585 Unused Serialized files (Serialized files now loaded: 0)
System memory in use before: 327.7 MB.
System memory in use after: 327.9 MB.

Unloading 19 unused Assets to reduce memory usage. Loaded Objects now: 4632.
Total: 8.526900 ms (FindLiveObjects: 0.796900 ms CreateObjectMapping: 0.719700 ms MarkObjects: 6.744600 ms  DeleteObjects: 0.262700 ms)

========================================================================
Received Prepare
Registering precompiled user dll's ...
Registered in 0.010096 seconds.
Begin MonoManager ReloadAssembly
Native extension for WindowsStandalone target not found
Refreshing native plugins compatible for Editor in 1.66 ms, found 2 plugins.
Preloading 0 native plugins for Editor in 0.00 ms.
Mono: successfully reloaded assembly
- Completed reload, in  2.859 seconds
Platform modules already initialized, skipping
Refreshing native plugins compatible for Editor in 1.67 ms, found 2 plugins.
Preloading 0 native plugins for Editor in 0.00 ms.
Unloading 3585 Unused Serialized files (Serialized files now loaded: 0)
System memory in use before: 327.2 MB.
System memory in use after: 327.3 MB.

Unloading 19 unused Assets to reduce memory usage. Loaded Objects now: 4635.
Total: 8.948300 ms (FindLiveObjects: 0.871300 ms CreateObjectMapping: 0.449100 ms MarkObjects: 7.369100 ms  DeleteObjects: 0.255500 ms)

========================================================================
Received Import Request.
  Time since last request: 2871.703760 seconds.
  path: Assets/scripts/player/MovePositionDirect.cs
  artifactKey: Guid(f01564ec73d073f4990ee2523deaed46) Importer(815301076,1909f56bfc062723c751e8b465ee728b)
Start importing Assets/scripts/player/MovePositionDirect.cs using Guid(f01564ec73d073f4990ee2523deaed46) Importer(815301076,1909f56bfc062723c751e8b465ee728b)  -> (artifact id: '058699797b16e32548c886addb7db649') in 8.073423 seconds 
========================================================================
Received Prepare
Registering precompiled user dll's ...
Registered in 0.016204 seconds.
Begin MonoManager ReloadAssembly
Native extension for WindowsStandalone target not found
Refreshing native plugins compatible for Editor in 1.69 ms, found 2 plugins.
Preloading 0 native plugins for Editor in 0.00 ms.
Mono: successfully reloaded assembly
- Completed reload, in  2.824 seconds
Platform modules already initialized, skipping
Refreshing native plugins compatible for Editor in 2.01 ms, found 2 plugins.
Preloading 0 native plugins for Editor in 0.00 ms.
Unloading 3586 Unused Serialized files (Serialized files now loaded: 0)
System memory in use before: 327.6 MB.
System memory in use after: 327.7 MB.

Unloading 19 unused Assets to reduce memory usage. Loaded Objects now: 4639.
Total: 32.398800 ms (FindLiveObjects: 1.322800 ms CreateObjectMapping: 12.120800 ms MarkObjects: 18.165500 ms  DeleteObjects: 0.785800 ms)

========================================================================
Received Prepare
Registering precompiled user dll's ...
Registered in 0.012639 seconds.
Begin MonoManager ReloadAssembly
Native extension for WindowsStandalone target not found
Refreshing native plugins compatible for Editor in 1.93 ms, found 2 plugins.
Preloading 0 native plugins for Editor in 0.00 ms.
Mono: successfully reloaded assembly
- Completed reload, in  3.042 seconds
Platform modules already initialized, skipping
Refreshing native plugins compatible for Editor in 1.64 ms, found 2 plugins.
Preloading 0 native plugins for Editor in 0.00 ms.
Unloading 3586 Unused Serialized files (Serialized files now loaded: 0)
System memory in use before: 327.8 MB.
System memory in use after: 327.9 MB.

Unloading 19 unused Assets to reduce memory usage. Loaded Objects now: 4642.
Total: 7.954300 ms (FindLiveObjects: 1.218300 ms CreateObjectMapping: 0.664300 ms MarkObjects: 5.815000 ms  DeleteObjects: 0.253000 ms)

========================================================================
Received Import Request.
  Time since last request: 695.928031 seconds.
  path: Assets/scripts/player/MoveVelocity.cs
  artifactKey: Guid(df7b06731ce855b428acaa4458e51c49) Importer(815301076,1909f56bfc062723c751e8b465ee728b)
Start importing Assets/scripts/player/MoveVelocity.cs using Guid(df7b06731ce855b428acaa4458e51c49) Importer(815301076,1909f56bfc062723c751e8b465ee728b)  -> (artifact id: '19596f3eb35557b7d85c66504b79b742') in 2.714029 seconds 
========================================================================
Received Prepare
Registering precompiled user dll's ...
Registered in 0.015975 seconds.
Begin MonoManager ReloadAssembly
Native extension for WindowsStandalone target not found
Refreshing native plugins compatible for Editor in 1.51 ms, found 2 plugins.
Preloading 0 native plugins for Editor in 0.00 ms.
Mono: successfully reloaded assembly
- Completed reload, in  4.567 seconds
Platform modules already initialized, skipping
Refreshing native plugins compatible for Editor in 2.74 ms, found 2 plugins.
Preloading 0 native plugins for Editor in 0.00 ms.
Unloading 3587 Unused Serialized files (Serialized files now loaded: 0)
System memory in use before: 327.4 MB.
System memory in use after: 327.6 MB.

Unloading 19 unused Assets to reduce memory usage. Loaded Objects now: 4646.
Total: 8.765500 ms (FindLiveObjects: 1.436600 ms CreateObjectMapping: 0.452600 ms MarkObjects: 6.026500 ms  DeleteObjects: 0.846300 ms)

========================================================================
Received Prepare
Registering precompiled user dll's ...
Registered in 0.009551 seconds.
Begin MonoManager ReloadAssembly
Native extension for WindowsStandalone target not found
Refreshing native plugins compatible for Editor in 1.43 ms, found 2 plugins.
Preloading 0 native plugins for Editor in 0.00 ms.
Mono: successfully reloaded assembly
- Completed reload, in  4.091 seconds
Platform modules already initialized, skipping
Refreshing native plugins compatible for Editor in 1.96 ms, found 2 plugins.
Preloading 0 native plugins for Editor in 0.00 ms.
Unloading 3587 Unused Serialized files (Serialized files now loaded: 0)
System memory in use before: 327.8 MB.
System memory in use after: 327.9 MB.

Unloading 19 unused Assets to reduce memory usage. Loaded Objects now: 4649.
Total: 8.049000 ms (FindLiveObjects: 0.878500 ms CreateObjectMapping: 0.501500 ms MarkObjects: 6.413700 ms  DeleteObjects: 0.252800 ms)

========================================================================
Received Import Request.
  Time since last request: 635.951996 seconds.
  path: Assets/scripts/player/IMoveVelocity.cs
  artifactKey: Guid(631a1ff0a8b3337429e5f5dde3524f7e) Importer(815301076,1909f56bfc062723c751e8b465ee728b)
Start importing Assets/scripts/player/IMoveVelocity.cs using Guid(631a1ff0a8b3337429e5f5dde3524f7e) Importer(815301076,1909f56bfc062723c751e8b465ee728b)  -> (artifact id: '97acb2f224d2f6046ad05e790059cc40') in 4.325400 seconds 
========================================================================
Received Prepare
Registering precompiled user dll's ...
Registered in 0.007810 seconds.
Begin MonoManager ReloadAssembly
Native extension for WindowsStandalone target not found
Refreshing native plugins compatible for Editor in 1.46 ms, found 2 plugins.
Preloading 0 native plugins for Editor in 0.00 ms.
Mono: successfully reloaded assembly
- Completed reload, in  2.344 seconds
Platform modules already initialized, skipping
Refreshing native plugins compatible for Editor in 1.60 ms, found 2 plugins.
Preloading 0 native plugins for Editor in 0.00 ms.
Unloading 3588 Unused Serialized files (Serialized files now loaded: 0)
System memory in use before: 327.8 MB.
System memory in use after: 328.0 MB.

Unloading 19 unused Assets to reduce memory usage. Loaded Objects now: 4653.
Total: 7.712200 ms (FindLiveObjects: 0.843500 ms CreateObjectMapping: 0.479100 ms MarkObjects: 6.084600 ms  DeleteObjects: 0.301100 ms)

========================================================================
Received Prepare
Registering precompiled user dll's ...
Registered in 0.010328 seconds.
Begin MonoManager ReloadAssembly
Native extension for WindowsStandalone target not found
Refreshing native plugins compatible for Editor in 1.76 ms, found 2 plugins.
Preloading 0 native plugins for Editor in 0.00 ms.
Mono: successfully reloaded assembly
- Completed reload, in  2.439 seconds
Platform modules already initialized, skipping
Refreshing native plugins compatible for Editor in 1.61 ms, found 2 plugins.
Preloading 0 native plugins for Editor in 0.00 ms.
Unloading 3587 Unused Serialized files (Serialized files now loaded: 0)
System memory in use before: 327.6 MB.
System memory in use after: 327.7 MB.

Unloading 20 unused Assets to reduce memory usage. Loaded Objects now: 4655.
Total: 7.622500 ms (FindLiveObjects: 0.836100 ms CreateObjectMapping: 0.450600 ms MarkObjects: 6.056600 ms  DeleteObjects: 0.275600 ms)

========================================================================
Received Prepare
Registering precompiled user dll's ...
Registered in 0.009503 seconds.
Begin MonoManager ReloadAssembly
Native extension for WindowsStandalone target not found
Refreshing native plugins compatible for Editor in 1.64 ms, found 2 plugins.
Preloading 0 native plugins for Editor in 0.00 ms.
Mono: successfully reloaded assembly
- Completed reload, in  4.108 seconds
Platform modules already initialized, skipping
Refreshing native plugins compatible for Editor in 1.57 ms, found 2 plugins.
Preloading 0 native plugins for Editor in 0.00 ms.
Unloading 3587 Unused Serialized files (Serialized files now loaded: 0)
System memory in use before: 327.8 MB.
System memory in use after: 328.0 MB.

Unloading 19 unused Assets to reduce memory usage. Loaded Objects now: 4658.
Total: 7.006400 ms (FindLiveObjects: 0.949300 ms CreateObjectMapping: 0.406000 ms MarkObjects: 5.404600 ms  DeleteObjects: 0.243900 ms)

========================================================================
Received Prepare
Registering precompiled user dll's ...
Registered in 0.008722 seconds.
Begin MonoManager ReloadAssembly
Native extension for WindowsStandalone target not found
Refreshing native plugins compatible for Editor in 1.62 ms, found 2 plugins.
Preloading 0 native plugins for Editor in 0.00 ms.
Mono: successfully reloaded assembly
- Completed reload, in  4.992 seconds
Platform modules already initialized, skipping
Refreshing native plugins compatible for Editor in 1.45 ms, found 2 plugins.
Preloading 0 native plugins for Editor in 0.00 ms.
Unloading 3587 Unused Serialized files (Serialized files now loaded: 0)
System memory in use before: 327.3 MB.
System memory in use after: 327.5 MB.

Unloading 19 unused Assets to reduce memory usage. Loaded Objects now: 4661.
Total: 6.404300 ms (FindLiveObjects: 0.776800 ms CreateObjectMapping: 0.416600 ms MarkObjects: 4.989000 ms  DeleteObjects: 0.219300 ms)

========================================================================
Received Prepare
Registering precompiled user dll's ...
Registered in 0.010934 seconds.
Begin MonoManager ReloadAssembly
Native extension for WindowsStandalone target not found
Refreshing native plugins compatible for Editor in 1.61 ms, found 2 plugins.
Preloading 0 native plugins for Editor in 0.00 ms.
Mono: successfully reloaded assembly
- Completed reload, in  3.066 seconds
Platform modules already initialized, skipping
Refreshing native plugins compatible for Editor in 3.39 ms, found 2 plugins.
Preloading 0 native plugins for Editor in 0.00 ms.
Unloading 3587 Unused Serialized files (Serialized files now loaded: 0)
System memory in use before: 327.7 MB.
System memory in use after: 327.8 MB.

Unloading 19 unused Assets to reduce memory usage. Loaded Objects now: 4664.
Total: 7.553400 ms (FindLiveObjects: 1.007900 ms CreateObjectMapping: 0.458300 ms MarkObjects: 5.841800 ms  DeleteObjects: 0.241900 ms)

========================================================================
Received Prepare
Registering precompiled user dll's ...
Registered in 0.006728 seconds.
Begin MonoManager ReloadAssembly
Native extension for WindowsStandalone target not found
Refreshing native plugins compatible for Editor in 1.85 ms, found 2 plugins.
Preloading 0 native plugins for Editor in 0.00 ms.
Mono: successfully reloaded assembly
- Completed reload, in  3.156 seconds
Platform modules already initialized, skipping
Refreshing native plugins compatible for Editor in 1.60 ms, found 2 plugins.
Preloading 0 native plugins for Editor in 0.00 ms.
Unloading 3587 Unused Serialized files (Serialized files now loaded: 0)
System memory in use before: 327.9 MB.
System memory in use after: 328.0 MB.

Unloading 19 unused Assets to reduce memory usage. Loaded Objects now: 4667.
Total: 7.233300 ms (FindLiveObjects: 0.805100 ms CreateObjectMapping: 0.450200 ms MarkObjects: 5.712200 ms  DeleteObjects: 0.261900 ms)

========================================================================
Received Prepare
Registering precompiled user dll's ...
Registered in 0.009073 seconds.
Begin MonoManager ReloadAssembly
Native extension for WindowsStandalone target not found
Refreshing native plugins compatible for Editor in 1.63 ms, found 2 plugins.
Preloading 0 native plugins for Editor in 0.00 ms.
Mono: successfully reloaded assembly
- Completed reload, in  7.834 seconds
Platform modules already initialized, skipping
Refreshing native plugins compatible for Editor in 1.99 ms, found 2 plugins.
Preloading 0 native plugins for Editor in 0.00 ms.
Unloading 3587 Unused Serialized files (Serialized files now loaded: 0)
System memory in use before: 327.5 MB.
System memory in use after: 327.6 MB.

Unloading 19 unused Assets to reduce memory usage. Loaded Objects now: 4670.
Total: 7.180800 ms (FindLiveObjects: 1.045100 ms CreateObjectMapping: 0.462600 ms MarkObjects: 5.435300 ms  DeleteObjects: 0.235000 ms)

========================================================================
Received Import Request.
  Time since last request: 712.494619 seconds.
  path: Assets/sprites/player/greenplayer.png
  artifactKey: Guid(933c534b9dc96ca4585ad0fbbe7e5fc5) Importer(815301076,1909f56bfc062723c751e8b465ee728b)
Start importing Assets/sprites/player/greenplayer.png using Guid(933c534b9dc96ca4585ad0fbbe7e5fc5) Importer(815301076,1909f56bfc062723c751e8b465ee728b)  -> (artifact id: '19c0cd7f1b635f1caf45a4a61dfa1def') in 0.198228 seconds 
========================================================================
Received Import Request.
  Time since last request: 0.057131 seconds.
  path: Assets/sprites/player/pinkplayer.png
  artifactKey: Guid(722bc6cb486a6ea41961b63f95565499) Importer(815301076,1909f56bfc062723c751e8b465ee728b)
Start importing Assets/sprites/player/pinkplayer.png using Guid(722bc6cb486a6ea41961b63f95565499) Importer(815301076,1909f56bfc062723c751e8b465ee728b)  -> (artifact id: '3d0445835c7e85e4bb85c11982891a8f') in 0.059314 seconds 
========================================================================
Received Import Request.
  Time since last request: 0.081882 seconds.
  path: Assets/sprites/player/redplayer.png
  artifactKey: Guid(b49efd0dfdc14f04fb46ea531be09480) Importer(815301076,1909f56bfc062723c751e8b465ee728b)
Start importing Assets/sprites/player/redplayer.png using Guid(b49efd0dfdc14f04fb46ea531be09480) Importer(815301076,1909f56bfc062723c751e8b465ee728b)  -> (artifact id: '87c4238c33e30cb1134bc293dd44e44e') in 0.059198 seconds 
========================================================================
Received Import Request.
  Time since last request: 0.072009 seconds.
  path: Assets/sprites/player/yellowplayer.png
  artifactKey: Guid(d9f637814a1d6f548ab4e3d878a9f357) Importer(815301076,1909f56bfc062723c751e8b465ee728b)
Start importing Assets/sprites/player/yellowplayer.png using Guid(d9f637814a1d6f548ab4e3d878a9f357) Importer(815301076,1909f56bfc062723c751e8b465ee728b)  -> (artifact id: 'c9de6a8731fbcd437e07a68250cfb1f5') in 0.066237 seconds 
========================================================================
Received Import Request.
  Time since last request: 0.080797 seconds.
  path: Assets/sprites/player/orangePlayer.png
  artifactKey: Guid(0cb893f56d3cc984495d43a823527362) Importer(815301076,1909f56bfc062723c751e8b465ee728b)
Start importing Assets/sprites/player/orangePlayer.png using Guid(0cb893f56d3cc984495d43a823527362) Importer(815301076,1909f56bfc062723c751e8b465ee728b)  -> (artifact id: '50a439076da610832cf754468dbda937') in 0.069543 seconds 
========================================================================
Received Import Request.
  Time since last request: 0.085164 seconds.
  path: Assets/sprites/player/blueplayer.png
  artifactKey: Guid(9a3f1cd5fa748b6478a9f713ac1de7df) Importer(815301076,1909f56bfc062723c751e8b465ee728b)
Start importing Assets/sprites/player/blueplayer.png using Guid(9a3f1cd5fa748b6478a9f713ac1de7df) Importer(815301076,1909f56bfc062723c751e8b465ee728b)  -> (artifact id: '9511c5c87999195f457abb6c64266e37') in 0.863413 seconds 
========================================================================
Received Import Request.
  Time since last request: 0.115163 seconds.
  path: Assets/sprites/player/cianplayer.png
  artifactKey: Guid(dc5fdeb661c777d43995629dc0fef337) Importer(815301076,1909f56bfc062723c751e8b465ee728b)
Start importing Assets/sprites/player/cianplayer.png using Guid(dc5fdeb661c777d43995629dc0fef337) Importer(815301076,1909f56bfc062723c751e8b465ee728b)  -> (artifact id: 'f63ecd1846a134aa94884b7896d63d44') in 0.107179 seconds 
========================================================================
Received Import Request.
  Time since last request: 0.225418 seconds.
  path: Assets/sprites/player/purpleplayer.png
  artifactKey: Guid(6844dfb7c3246b14fb175d1e102a85ad) Importer(815301076,1909f56bfc062723c751e8b465ee728b)
Start importing Assets/sprites/player/purpleplayer.png using Guid(6844dfb7c3246b14fb175d1e102a85ad) Importer(815301076,1909f56bfc062723c751e8b465ee728b)  -> (artifact id: '51d7c238c689c82b531669c09396a65a') in 0.062893 seconds 
========================================================================
Received Prepare
Registering precompiled user dll's ...
Registered in 0.007199 seconds.
Begin MonoManager ReloadAssembly
Native extension for WindowsStandalone target not found
Refreshing native plugins compatible for Editor in 1.45 ms, found 2 plugins.
Preloading 0 native plugins for Editor in 0.00 ms.
Mono: successfully reloaded assembly
- Completed reload, in  4.477 seconds
Platform modules already initialized, skipping
Refreshing native plugins compatible for Editor in 1.59 ms, found 2 plugins.
Preloading 0 native plugins for Editor in 0.00 ms.
Unloading 3587 Unused Serialized files (Serialized files now loaded: 0)
System memory in use before: 331.0 MB.
System memory in use after: 331.1 MB.

Unloading 19 unused Assets to reduce memory usage. Loaded Objects now: 4786.
Total: 7.843200 ms (FindLiveObjects: 1.122200 ms CreateObjectMapping: 0.458500 ms MarkObjects: 6.009200 ms  DeleteObjects: 0.249600 ms)

========================================================================
Received Prepare
Registering precompiled user dll's ...
Registered in 0.009898 seconds.
Begin MonoManager ReloadAssembly
Native extension for WindowsStandalone target not found
Refreshing native plugins compatible for Editor in 2.06 ms, found 2 plugins.
Preloading 0 native plugins for Editor in 0.00 ms.
Mono: successfully reloaded assembly
- Completed reload, in  3.107 seconds
Platform modules already initialized, skipping
Refreshing native plugins compatible for Editor in 1.57 ms, found 2 plugins.
Preloading 0 native plugins for Editor in 0.00 ms.
Unloading 3587 Unused Serialized files (Serialized files now loaded: 0)
System memory in use before: 331.0 MB.
System memory in use after: 331.2 MB.

Unloading 19 unused Assets to reduce memory usage. Loaded Objects now: 4789.
Total: 7.173900 ms (FindLiveObjects: 0.890800 ms CreateObjectMapping: 0.464300 ms MarkObjects: 5.559300 ms  DeleteObjects: 0.255500 ms)

========================================================================
Received Prepare
Registering precompiled user dll's ...
Registered in 0.011125 seconds.
Begin MonoManager ReloadAssembly
Native extension for WindowsStandalone target not found
Refreshing native plugins compatible for Editor in 1.92 ms, found 2 plugins.
Preloading 0 native plugins for Editor in 0.00 ms.
Mono: successfully reloaded assembly
- Completed reload, in  3.563 seconds
Platform modules already initialized, skipping
Refreshing native plugins compatible for Editor in 1.89 ms, found 2 plugins.
Preloading 0 native plugins for Editor in 0.00 ms.
Unloading 3587 Unused Serialized files (Serialized files now loaded: 0)
System memory in use before: 330.8 MB.
System memory in use after: 330.9 MB.

Unloading 19 unused Assets to reduce memory usage. Loaded Objects now: 4792.
Total: 8.964800 ms (FindLiveObjects: 1.077100 ms CreateObjectMapping: 0.604400 ms MarkObjects: 6.989000 ms  DeleteObjects: 0.291700 ms)

========================================================================
Received Prepare
Registering precompiled user dll's ...
Registered in 0.010903 seconds.
Begin MonoManager ReloadAssembly
Native extension for WindowsStandalone target not found
Refreshing native plugins compatible for Editor in 1.62 ms, found 2 plugins.
Preloading 0 native plugins for Editor in 0.00 ms.
Mono: successfully reloaded assembly
- Completed reload, in  3.594 seconds
Platform modules already initialized, skipping
Refreshing native plugins compatible for Editor in 1.71 ms, found 2 plugins.
Preloading 0 native plugins for Editor in 0.00 ms.
Unloading 3587 Unused Serialized files (Serialized files now loaded: 0)
System memory in use before: 331.1 MB.
System memory in use after: 331.2 MB.

Unloading 19 unused Assets to reduce memory usage. Loaded Objects now: 4795.
Total: 8.001200 ms (FindLiveObjects: 0.882900 ms CreateObjectMapping: 0.681800 ms MarkObjects: 6.180100 ms  DeleteObjects: 0.252700 ms)

========================================================================
Received Prepare
Registering precompiled user dll's ...
Registered in 0.008460 seconds.
Begin MonoManager ReloadAssembly
Native extension for WindowsStandalone target not found
Refreshing native plugins compatible for Editor in 1.60 ms, found 2 plugins.
Preloading 0 native plugins for Editor in 0.00 ms.
Mono: successfully reloaded assembly
- Completed reload, in  2.365 seconds
Platform modules already initialized, skipping
Refreshing native plugins compatible for Editor in 2.27 ms, found 2 plugins.
Preloading 0 native plugins for Editor in 0.00 ms.
Unloading 3587 Unused Serialized files (Serialized files now loaded: 0)
System memory in use before: 330.6 MB.
System memory in use after: 330.7 MB.

Unloading 19 unused Assets to reduce memory usage. Loaded Objects now: 4798.
Total: 7.368300 ms (FindLiveObjects: 0.994800 ms CreateObjectMapping: 0.468200 ms MarkObjects: 5.641300 ms  DeleteObjects: 0.261300 ms)

========================================================================
Received Prepare
Registering precompiled user dll's ...
Registered in 0.010108 seconds.
Begin MonoManager ReloadAssembly
Native extension for WindowsStandalone target not found
Refreshing native plugins compatible for Editor in 1.75 ms, found 2 plugins.
Preloading 0 native plugins for Editor in 0.00 ms.
Mono: successfully reloaded assembly
- Completed reload, in 13.368 seconds
Platform modules already initialized, skipping
Refreshing native plugins compatible for Editor in 1.84 ms, found 2 plugins.
Preloading 0 native plugins for Editor in 0.00 ms.
Unloading 3587 Unused Serialized files (Serialized files now loaded: 0)
System memory in use before: 330.9 MB.
System memory in use after: 331.1 MB.

Unloading 19 unused Assets to reduce memory usage. Loaded Objects now: 4801.
Total: 8.946700 ms (FindLiveObjects: 1.051200 ms CreateObjectMapping: 0.508600 ms MarkObjects: 6.639300 ms  DeleteObjects: 0.744500 ms)

========================================================================
Received Prepare
Registering precompiled user dll's ...
Registered in 0.005891 seconds.
Begin MonoManager ReloadAssembly
Native extension for WindowsStandalone target not found
Refreshing native plugins compatible for Editor in 2.45 ms, found 2 plugins.
Preloading 0 native plugins for Editor in 0.00 ms.
Mono: successfully reloaded assembly
- Completed reload, in  2.151 seconds
Platform modules already initialized, skipping
Refreshing native plugins compatible for Editor in 1.80 ms, found 2 plugins.
Preloading 0 native plugins for Editor in 0.00 ms.
Unloading 3587 Unused Serialized files (Serialized files now loaded: 0)
System memory in use before: 331.1 MB.
System memory in use after: 331.2 MB.

Unloading 19 unused Assets to reduce memory usage. Loaded Objects now: 4804.
Total: 8.112600 ms (FindLiveObjects: 0.985600 ms CreateObjectMapping: 0.427900 ms MarkObjects: 6.426100 ms  DeleteObjects: 0.269400 ms)

========================================================================
Received Prepare
Registering precompiled user dll's ...
Registered in 0.009453 seconds.
Begin MonoManager ReloadAssembly
Native extension for WindowsStandalone target not found
Refreshing native plugins compatible for Editor in 1.56 ms, found 2 plugins.
Preloading 0 native plugins for Editor in 0.00 ms.
Mono: successfully reloaded assembly
- Completed reload, in  2.739 seconds
Platform modules already initialized, skipping
Refreshing native plugins compatible for Editor in 2.08 ms, found 2 plugins.
Preloading 0 native plugins for Editor in 0.00 ms.
Unloading 3587 Unused Serialized files (Serialized files now loaded: 0)
System memory in use before: 330.7 MB.
System memory in use after: 330.9 MB.

Unloading 19 unused Assets to reduce memory usage. Loaded Objects now: 4807.
Total: 7.928000 ms (FindLiveObjects: 1.284700 ms CreateObjectMapping: 0.505200 ms MarkObjects: 5.736000 ms  DeleteObjects: 0.398100 ms)

========================================================================
Received Prepare
Registering precompiled user dll's ...
Registered in 0.009184 seconds.
Begin MonoManager ReloadAssembly
Native extension for WindowsStandalone target not found
Refreshing native plugins compatible for Editor in 1.72 ms, found 2 plugins.
Preloading 0 native plugins for Editor in 0.00 ms.
Mono: successfully reloaded assembly
- Completed reload, in  3.772 seconds
Platform modules already initialized, skipping
Refreshing native plugins compatible for Editor in 1.56 ms, found 2 plugins.
Preloading 0 native plugins for Editor in 0.00 ms.
Unloading 3587 Unused Serialized files (Serialized files now loaded: 0)
System memory in use before: 331.1 MB.
System memory in use after: 331.2 MB.

Unloading 19 unused Assets to reduce memory usage. Loaded Objects now: 4810.
Total: 10.018800 ms (FindLiveObjects: 0.971900 ms CreateObjectMapping: 0.695000 ms MarkObjects: 8.061700 ms  DeleteObjects: 0.286700 ms)

========================================================================
Received Prepare
Registering precompiled user dll's ...
Registered in 0.006841 seconds.
Begin MonoManager ReloadAssembly
Native extension for WindowsStandalone target not found
Refreshing native plugins compatible for Editor in 1.47 ms, found 2 plugins.
Preloading 0 native plugins for Editor in 0.00 ms.
Mono: successfully reloaded assembly
- Completed reload, in  2.941 seconds
Platform modules already initialized, skipping
Refreshing native plugins compatible for Editor in 1.69 ms, found 2 plugins.
Preloading 0 native plugins for Editor in 0.00 ms.
Unloading 3587 Unused Serialized files (Serialized files now loaded: 0)
System memory in use before: 331.5 MB.
System memory in use after: 331.6 MB.

Unloading 19 unused Assets to reduce memory usage. Loaded Objects now: 4813.
Total: 8.389200 ms (FindLiveObjects: 1.331500 ms CreateObjectMapping: 0.764000 ms MarkObjects: 6.024400 ms  DeleteObjects: 0.265700 ms)

========================================================================
Received Prepare
Registering precompiled user dll's ...
Registered in 0.007906 seconds.
Begin MonoManager ReloadAssembly
Native extension for WindowsStandalone target not found
Refreshing native plugins compatible for Editor in 1.70 ms, found 2 plugins.
Preloading 0 native plugins for Editor in 0.00 ms.
Mono: successfully reloaded assembly
- Completed reload, in  2.310 seconds
Platform modules already initialized, skipping
Refreshing native plugins compatible for Editor in 1.69 ms, found 2 plugins.
Preloading 0 native plugins for Editor in 0.00 ms.
Unloading 3587 Unused Serialized files (Serialized files now loaded: 0)
System memory in use before: 331.2 MB.
System memory in use after: 331.4 MB.

Unloading 19 unused Assets to reduce memory usage. Loaded Objects now: 4816.
Total: 8.167800 ms (FindLiveObjects: 1.123100 ms CreateObjectMapping: 0.721100 ms MarkObjects: 6.076100 ms  DeleteObjects: 0.244400 ms)

AssetImportWorkerClient::OnTransportError - code=2 error=End of file
